Using pre-set license

 COMMAND LINE ARGUMENTS:
/Applications/Unity/Hub/Editor/2020.3.1f1/Unity.app/Contents/MacOS/Unity
-adb2
-batchMode
-noUpm
-name
AssetImportWorker0
-projectPath
/Volumes/NO NAME/Create with VR/CreateWithVR/VR Personal Project - Grace K
-logFile
Logs/AssetImportWorker0.log
-srvPort
49585
Successfully changed project path to: /Volumes/NO NAME/Create with VR/CreateWithVR/VR Personal Project - Grace K
/Volumes/NO NAME/Create with VR/CreateWithVR/VR Personal Project - Grace K
Using Asset Import Pipeline V2.
Refreshing native plugins compatible for Editor in 85.09 ms, found 1 plugins.
Preloading 0 native plugins for Editor in 0.00 ms.
Initialize engine version: 2020.3.1f1 (77a89f25062f)
[Subsystems] Discovering subsystems at path /Applications/Unity/Hub/Editor/2020.3.1f1/Unity.app/Contents/Resources/UnitySubsystems
[Subsystems] Discovering subsystems at path /Volumes/NO NAME/Create with VR/CreateWithVR/VR Personal Project - Grace K/Assets
GfxDevice: creating device client; threaded=0
2023-03-19 14:41:24.813 Unity[1443:28278] Color LCD preferred device: Intel(R) UHD Graphics 630 (low power)
2023-03-19 14:41:24.813 Unity[1443:28278] Metal devices available: 2
2023-03-19 14:41:24.813 Unity[1443:28278] 0: AMD Radeon Pro 5300M (high power)
2023-03-19 14:41:24.813 Unity[1443:28278] 1: Intel(R) UHD Graphics 630 (low power)
2023-03-19 14:41:24.814 Unity[1443:28278] Using device AMD Radeon Pro 5300M (high power)
Initializing Metal device caps: AMD Radeon Pro 5300M
Shader 'Universal Render Pipeline/Particles/Lit': fallback shader 'Universal Render Pipeline/Particles/SimpleLit' not found
Initialize mono
Mono path[0] = '/Applications/Unity/Hub/Editor/2020.3.1f1/Unity.app/Contents/Managed'
Mono path[1] = '/Applications/Unity/Hub/Editor/2020.3.1f1/Unity.app/Contents/MonoBleedingEdge/lib/mono/unityjit'
Mono config path = '/Applications/Unity/Hub/Editor/2020.3.1f1/Unity.app/Contents/MonoBleedingEdge/etc'
Using monoOptions --debugger-agent=transport=dt_socket,embedding=1,server=y,suspend=n,address=127.0.0.1:56443
Begin MonoManager ReloadAssembly
Registering precompiled unity dll's ...
Register platform support module: /Applications/Unity/Hub/Editor/2020.3.1f1/Unity.app/Contents/PlaybackEngines/MacStandaloneSupport/UnityEditor.OSXStandalone.Extensions.dll
Registered in 0.000375 seconds.
Native extension for OSXStandalone target not found
Refreshing native plugins compatible for Editor in 49.22 ms, found 1 plugins.
Preloading 0 native plugins for Editor in 0.00 ms.
Invoked RoslynAnalysisRunner static constructor.
RoslynAnalysisRunner will not be running.
RoslynAnalysisRunner has terminated.
Mono: successfully reloaded assembly
- Completed reload, in  2.032 seconds
Platform modules already initialized, skipping
Registering precompiled user dll's ...
Registered in 0.001866 seconds.
Begin MonoManager ReloadAssembly
Native extension for OSXStandalone target not found
Refreshing native plugins compatible for Editor in 53.20 ms, found 1 plugins.
Preloading 0 native plugins for Editor in 0.00 ms.
Invoked RoslynAnalysisRunner static constructor.
RoslynAnalysisRunner will not be running.
RoslynAnalysisRunner has terminated.
Mono: successfully reloaded assembly
- Completed reload, in  1.272 seconds
Platform modules already initialized, skipping
========================================================================
Worker process is ready to serve import requests
Shader 'Universal Render Pipeline/Particles/Lit': fallback shader 'Universal Render Pipeline/Particles/SimpleLit' not found
Launching external process: /Applications/Unity/Hub/Editor/2020.3.1f1/Unity.app/Contents/Tools/UnityShaderCompiler
Launched and connected shader compiler UnityShaderCompiler after 0.01 seconds
Refreshing native plugins compatible for Editor in 0.91 ms, found 1 plugins.
Preloading 0 native plugins for Editor in 0.00 ms.
Unloading 3105 Unused Serialized files (Serialized files now loaded: 0)
System memory in use before: 220.8 MB.
System memory in use after: 221.0 MB.

Unloading 26 unused Assets to reduce memory usage. Loaded Objects now: 3542.
Total: 3.498178 ms (FindLiveObjects: 0.475307 ms CreateObjectMapping: 0.205291 ms MarkObjects: 2.731731 ms  DeleteObjects: 0.084499 ms)

========================================================================
Received Import Request.
  path: Assets/_Course Library/_Prefabs/Objects/Fruit/Food_Orange.prefab
  artifactKey: Guid(09bd87055b19ae4469a98d1af1a6c792) Importer(815301076,1909f56bfc062723c751e8b465ee728b)
Start importing Assets/_Course Library/_Prefabs/Objects/Fruit/Food_Orange.prefab using Guid(09bd87055b19ae4469a98d1af1a6c792) Importer(815301076,1909f56bfc062723c751e8b465ee728b)  -> (artifact id: 'f7a8dd54a6e660689e8f0cbbac381160') in 0.988213 seconds
  Import took 0.998340 seconds .

========================================================================
Received Import Request.
  Time since last request: 0.000228 seconds.
  path: Assets/_Course Library/_Prefabs/Objects/Fruit
  artifactKey: Guid(20769b66ddec54dc48feaa33866aa03d) Importer(815301076,1909f56bfc062723c751e8b465ee728b)
Start importing Assets/_Course Library/_Prefabs/Objects/Fruit using Guid(20769b66ddec54dc48feaa33866aa03d) Importer(815301076,1909f56bfc062723c751e8b465ee728b)  -> (artifact id: '0cb32cd9096cf930430fad52bdb4b4c5') in 0.028212 seconds
  Import took 0.034129 seconds .

========================================================================
Received Import Request.
  Time since last request: 0.000210 seconds.
  path: Assets/_Course Library/_Prefabs/Objects/Fruit/Food_Apple_Green.prefab
  artifactKey: Guid(87601556a58cb8747852f5716be8fd41) Importer(815301076,1909f56bfc062723c751e8b465ee728b)
Start importing Assets/_Course Library/_Prefabs/Objects/Fruit/Food_Apple_Green.prefab using Guid(87601556a58cb8747852f5716be8fd41) Importer(815301076,1909f56bfc062723c751e8b465ee728b)  -> (artifact id: '2a33514fa4e8ee45b436260d23a4d816') in 0.036907 seconds
  Import took 0.043203 seconds .

========================================================================
Received Import Request.
  Time since last request: 0.000195 seconds.
  path: Assets/_Course Library/_Prefabs/Objects/Fruit/Food_Apple_Red.prefab
  artifactKey: Guid(74d706ff2cc4eac4c85e825b7ac6d86b) Importer(815301076,1909f56bfc062723c751e8b465ee728b)
Start importing Assets/_Course Library/_Prefabs/Objects/Fruit/Food_Apple_Red.prefab using Guid(74d706ff2cc4eac4c85e825b7ac6d86b) Importer(815301076,1909f56bfc062723c751e8b465ee728b)  -> (artifact id: '4a6fc9e7b6d2613aa73d200c6a59fc67') in 0.019526 seconds
  Import took 0.025639 seconds .

========================================================================
Received Import Request.
  Time since last request: 841.290002 seconds.
  path: Assets/_Course Library/_Prefabs/Objects/Sports
  artifactKey: Guid(77f764ca4d92f485ead1087e8233087d) Importer(815301076,1909f56bfc062723c751e8b465ee728b)
Start importing Assets/_Course Library/_Prefabs/Objects/Sports using Guid(77f764ca4d92f485ead1087e8233087d) Importer(815301076,1909f56bfc062723c751e8b465ee728b)  -> (artifact id: '0266fce1e5dc1ba6d58bb8e5a32ffc63') in 0.006464 seconds
  Import took 0.012356 seconds .

========================================================================
Received Import Request.
  Time since last request: 0.086212 seconds.
  path: Assets/_Course Library/_Prefabs/Objects/Sports/Baseball_Ball.prefab
  artifactKey: Guid(093d994e44bd73043850362e6d954a7e) Importer(815301076,1909f56bfc062723c751e8b465ee728b)
Start importing Assets/_Course Library/_Prefabs/Objects/Sports/Baseball_Ball.prefab using Guid(093d994e44bd73043850362e6d954a7e) Importer(815301076,1909f56bfc062723c751e8b465ee728b)  -> (artifact id: '45fbfd0cefcfd875c3eca183c1f4958e') in 0.037871 seconds
  Import took 0.043857 seconds .

========================================================================
Received Import Request.
  Time since last request: 0.000184 seconds.
  path: Assets/_Course Library/_Prefabs/Objects/Sports/Cricket_Bat_Blue.prefab
  artifactKey: Guid(7a54361820b3f824fb39245cfe88d864) Importer(815301076,1909f56bfc062723c751e8b465ee728b)
Start importing Assets/_Course Library/_Prefabs/Objects/Sports/Cricket_Bat_Blue.prefab using Guid(7a54361820b3f824fb39245cfe88d864) Importer(815301076,1909f56bfc062723c751e8b465ee728b)  -> (artifact id: 'b44c81e0717a8293db9c619db9ac776b') in 0.035149 seconds
  Import took 0.041094 seconds .

========================================================================
Received Import Request.
  Time since last request: 0.000215 seconds.
  path: Assets/_Course Library/_Prefabs/Objects/Sports/PingPong_Ball.prefab
  artifactKey: Guid(477529b6fb2946c41bcab09b8a0634db) Importer(815301076,1909f56bfc062723c751e8b465ee728b)
Start importing Assets/_Course Library/_Prefabs/Objects/Sports/PingPong_Ball.prefab using Guid(477529b6fb2946c41bcab09b8a0634db) Importer(815301076,1909f56bfc062723c751e8b465ee728b)  -> (artifact id: '4e11b9cd35ade6c399a7c9c0ecb9b4ea') in 0.073256 seconds
  Import took 0.079949 seconds .

========================================================================
Received Import Request.
  Time since last request: 0.000255 seconds.
  path: Assets/_Course Library/_Prefabs/Objects/Sports/PingPong_Paddle_Blue.prefab
  artifactKey: Guid(e975811922683be4a80132e54bc36b18) Importer(815301076,1909f56bfc062723c751e8b465ee728b)
Start importing Assets/_Course Library/_Prefabs/Objects/Sports/PingPong_Paddle_Blue.prefab using Guid(e975811922683be4a80132e54bc36b18) Importer(815301076,1909f56bfc062723c751e8b465ee728b)  -> (artifact id: '751c1154485eda302e6f93d378bbc447') in 0.034245 seconds
  Import took 0.039810 seconds .

========================================================================
Received Import Request.
  Time since last request: 0.000186 seconds.
  path: Assets/_Course Library/_Prefabs/Objects/Sports/Cricket_Ball.prefab
  artifactKey: Guid(ae72161d792f2c34aa80fa96e5450d2f) Importer(815301076,1909f56bfc062723c751e8b465ee728b)
Start importing Assets/_Course Library/_Prefabs/Objects/Sports/Cricket_Ball.prefab using Guid(ae72161d792f2c34aa80fa96e5450d2f) Importer(815301076,1909f56bfc062723c751e8b465ee728b)  -> (artifact id: 'ba8b67777c6a767ac1189912b533c7c0') in 0.062154 seconds
  Import took 0.068250 seconds .

========================================================================
Received Import Request.
  Time since last request: 0.000206 seconds.
  path: Assets/_Course Library/_Prefabs/Objects/Sports/Tennis_Racket_Green.prefab
  artifactKey: Guid(d6fcd67e436bca94ba8468915b91bc3f) Importer(815301076,1909f56bfc062723c751e8b465ee728b)
Start importing Assets/_Course Library/_Prefabs/Objects/Sports/Tennis_Racket_Green.prefab using Guid(d6fcd67e436bca94ba8468915b91bc3f) Importer(815301076,1909f56bfc062723c751e8b465ee728b)  -> (artifact id: '45abb3f0011842a6952238d625e63152') in 0.029274 seconds
  Import took 0.034669 seconds .

========================================================================
Received Import Request.
  Time since last request: 0.000198 seconds.
  path: Assets/_Course Library/_Prefabs/Objects/Sports/PingPong_Paddle_Red.prefab
  artifactKey: Guid(c8f3c4914ed09be4999d3eb1e3a7b5f5) Importer(815301076,1909f56bfc062723c751e8b465ee728b)
Start importing Assets/_Course Library/_Prefabs/Objects/Sports/PingPong_Paddle_Red.prefab using Guid(c8f3c4914ed09be4999d3eb1e3a7b5f5) Importer(815301076,1909f56bfc062723c751e8b465ee728b)  -> (artifact id: '7f52cbf66ff20917b5b7de107785c5c7') in 0.028813 seconds
  Import took 0.036003 seconds .

========================================================================
Received Import Request.
  Time since last request: 0.000218 seconds.
  path: Assets/_Course Library/_Prefabs/Objects/Sports/Tennis_Ball_BlueRed.prefab
  artifactKey: Guid(fa28b352862d5cd4bb3513f56942579a) Importer(815301076,1909f56bfc062723c751e8b465ee728b)
Start importing Assets/_Course Library/_Prefabs/Objects/Sports/Tennis_Ball_BlueRed.prefab using Guid(fa28b352862d5cd4bb3513f56942579a) Importer(815301076,1909f56bfc062723c751e8b465ee728b)  -> (artifact id: 'f78a8b37c312f7843f2569d27237cdba') in 0.058767 seconds
  Import took 0.065473 seconds .

========================================================================
Received Import Request.
  Time since last request: 0.000184 seconds.
  path: Assets/_Course Library/_Prefabs/Objects/Sports/Tennis_Ball_Green.prefab
  artifactKey: Guid(d0c00082fbae52742bbd03cc0bccf5ea) Importer(815301076,1909f56bfc062723c751e8b465ee728b)
Start importing Assets/_Course Library/_Prefabs/Objects/Sports/Tennis_Ball_Green.prefab using Guid(d0c00082fbae52742bbd03cc0bccf5ea) Importer(815301076,1909f56bfc062723c751e8b465ee728b)  -> (artifact id: 'a41d9cb01dfe4c2d2643d920c26cbe3a') in 0.027369 seconds
  Import took 0.032851 seconds .

========================================================================
Received Import Request.
  Time since last request: 0.000223 seconds.
  path: Assets/_Course Library/_Prefabs/Objects/Sports/Tennis_Racket_Blue.prefab
  artifactKey: Guid(53024bf1455f2604283bf60ea2f0ca2c) Importer(815301076,1909f56bfc062723c751e8b465ee728b)
Start importing Assets/_Course Library/_Prefabs/Objects/Sports/Tennis_Racket_Blue.prefab using Guid(53024bf1455f2604283bf60ea2f0ca2c) Importer(815301076,1909f56bfc062723c751e8b465ee728b)  -> (artifact id: 'f73197905c22c8ccb8c4ba6733fd0128') in 0.155504 seconds
  Import took 0.162857 seconds .

========================================================================
Received Import Request.
  Time since last request: 0.000256 seconds.
  path: Assets/_Course Library/_Prefabs/Objects/Sports/Cricket_Bat_Green.prefab
  artifactKey: Guid(bf9d8472e621dc14cbc8dd8dfea844f7) Importer(815301076,1909f56bfc062723c751e8b465ee728b)
Start importing Assets/_Course Library/_Prefabs/Objects/Sports/Cricket_Bat_Green.prefab using Guid(bf9d8472e621dc14cbc8dd8dfea844f7) Importer(815301076,1909f56bfc062723c751e8b465ee728b)  -> (artifact id: '4727cf025bd77a6576ce469e896e8ff8') in 0.225894 seconds
  Import took 0.232364 seconds .

========================================================================
Received Import Request.
  Time since last request: 782.698489 seconds.
  path: Assets/_Course Library/_Prefabs/Objects/Hats
  artifactKey: Guid(5957e5a520fa344b48ebf7b264cec222) Importer(815301076,1909f56bfc062723c751e8b465ee728b)
Start importing Assets/_Course Library/_Prefabs/Objects/Hats using Guid(5957e5a520fa344b48ebf7b264cec222) Importer(815301076,1909f56bfc062723c751e8b465ee728b)  -> (artifact id: '3ff54d4a340add54613fffb86fd8618f') in 0.007932 seconds
  Import took 0.014365 seconds .

========================================================================
Received Import Request.
  Time since last request: 0.083169 seconds.
  path: Assets/_Course Library/_Prefabs/Objects/Hats/Hat_Cap.prefab
  artifactKey: Guid(ada41267943a79c4286b35bd7172eff3) Importer(815301076,1909f56bfc062723c751e8b465ee728b)
Start importing Assets/_Course Library/_Prefabs/Objects/Hats/Hat_Cap.prefab using Guid(ada41267943a79c4286b35bd7172eff3) Importer(815301076,1909f56bfc062723c751e8b465ee728b)  -> (artifact id: 'ce94c660ccca29d74dbcd05e2a068003') in 0.031502 seconds
  Import took 0.037206 seconds .

========================================================================
Received Import Request.
  Time since last request: 0.000239 seconds.
  path: Assets/_Course Library/_Prefabs/Objects/Hats/Hat_Straw.prefab
  artifactKey: Guid(e47d1d603e6f7de498727aba1230cd7d) Importer(815301076,1909f56bfc062723c751e8b465ee728b)
Start importing Assets/_Course Library/_Prefabs/Objects/Hats/Hat_Straw.prefab using Guid(e47d1d603e6f7de498727aba1230cd7d) Importer(815301076,1909f56bfc062723c751e8b465ee728b)  -> (artifact id: 'cbcad489baeddea3fdb6fa0d919c83b4') in 0.031689 seconds
  Import took 0.038136 seconds .

========================================================================
Received Import Request.
  Time since last request: 0.000193 seconds.
  path: Assets/_Course Library/_Prefabs/Objects/Hats/Hat_Witch_Black.prefab
  artifactKey: Guid(bb26561acd7e7ae4895b77c19a7f7487) Importer(815301076,1909f56bfc062723c751e8b465ee728b)
Start importing Assets/_Course Library/_Prefabs/Objects/Hats/Hat_Witch_Black.prefab using Guid(bb26561acd7e7ae4895b77c19a7f7487) Importer(815301076,1909f56bfc062723c751e8b465ee728b)  -> (artifact id: '2560dc1661ff9087bd28d17d5a4dfb1d') in 0.071325 seconds
  Import took 0.076629 seconds .

========================================================================
Received Import Request.
  Time since last request: 0.000205 seconds.
  path: Assets/_Course Library/_Prefabs/Objects/Hats/Hat_Witch_Blue.prefab
  artifactKey: Guid(364b4f12314d0fb4ea2870ddcc2f1842) Importer(815301076,1909f56bfc062723c751e8b465ee728b)
Start importing Assets/_Course Library/_Prefabs/Objects/Hats/Hat_Witch_Blue.prefab using Guid(364b4f12314d0fb4ea2870ddcc2f1842) Importer(815301076,1909f56bfc062723c751e8b465ee728b)  -> (artifact id: '3e7df83e5d8a291a57c6670ba3077706') in 0.036813 seconds
  Import took 0.042126 seconds .

========================================================================
Received Import Request.
  Time since last request: 0.000270 seconds.
  path: Assets/_Course Library/_Prefabs/Objects/Hats/Hat_Top.prefab
  artifactKey: Guid(e636f9595e23302488ae2257b902e05e) Importer(815301076,1909f56bfc062723c751e8b465ee728b)
Start importing Assets/_Course Library/_Prefabs/Objects/Hats/Hat_Top.prefab using Guid(e636f9595e23302488ae2257b902e05e) Importer(815301076,1909f56bfc062723c751e8b465ee728b)  -> (artifact id: '8b680af8c1c2fae288c4f34ffd153e26') in 0.052960 seconds
  Import took 0.060419 seconds .

========================================================================
Received Import Request.
  Time since last request: 0.000315 seconds.
  path: Assets/_Course Library/_Prefabs/Objects/Hats/Hat_Captain_Blue.prefab
  artifactKey: Guid(0f74967a148ece6408816e082f119844) Importer(815301076,1909f56bfc062723c751e8b465ee728b)
Start importing Assets/_Course Library/_Prefabs/Objects/Hats/Hat_Captain_Blue.prefab using Guid(0f74967a148ece6408816e082f119844) Importer(815301076,1909f56bfc062723c751e8b465ee728b)  -> (artifact id: '2ac792472ac177ae8f403a2c2ddddb80') in 0.021197 seconds
  Import took 0.027490 seconds .

========================================================================
Received Import Request.
  Time since last request: 0.000429 seconds.
  path: Assets/_Course Library/_Prefabs/Objects/Hats/Hat_Captain_Black.prefab
  artifactKey: Guid(0d90b882636c6034b8e91bb072d0c083) Importer(815301076,1909f56bfc062723c751e8b465ee728b)
Start importing Assets/_Course Library/_Prefabs/Objects/Hats/Hat_Captain_Black.prefab using Guid(0d90b882636c6034b8e91bb072d0c083) Importer(815301076,1909f56bfc062723c751e8b465ee728b)  -> (artifact id: 'bb0581587ba19fe9ef7a9c64894592de') in 0.037080 seconds
  Import took 0.044575 seconds .

========================================================================
Received Import Request.
  Time since last request: 0.009663 seconds.
  path: Assets/_Course Library/_Prefabs/Objects/Hats/Hat_Captain_Black.prefab
  artifactKey: Guid(0d90b882636c6034b8e91bb072d0c083) Importer(815301076,1909f56bfc062723c751e8b465ee728b)
Start importing Assets/_Course Library/_Prefabs/Objects/Hats/Hat_Captain_Black.prefab using Guid(0d90b882636c6034b8e91bb072d0c083) Importer(815301076,1909f56bfc062723c751e8b465ee728b)  -> (artifact id: 'bb0581587ba19fe9ef7a9c64894592de') in 0.053740 seconds
  Import took 0.060445 seconds .

========================================================================
Received Import Request.
  Time since last request: 166.006060 seconds.
  path: Assets/_Course Library/_Prefabs/Objects/Electronics
  artifactKey: Guid(36f6598df56d84ee9a2ffc7e07a352dd) Importer(815301076,1909f56bfc062723c751e8b465ee728b)
Start importing Assets/_Course Library/_Prefabs/Objects/Electronics using Guid(36f6598df56d84ee9a2ffc7e07a352dd) Importer(815301076,1909f56bfc062723c751e8b465ee728b)  -> (artifact id: '363e96d0686e5bef24bee6a1b06ece0f') in 0.005137 seconds
  Import took 0.011967 seconds .

========================================================================
Received Import Request.
  Time since last request: 0.060261 seconds.
  path: Assets/_Course Library/_Prefabs/Objects/Electronics/Camera.prefab
  artifactKey: Guid(ae789ad601c1b51489889f8e89d55e4d) Importer(815301076,1909f56bfc062723c751e8b465ee728b)
Start importing Assets/_Course Library/_Prefabs/Objects/Electronics/Camera.prefab using Guid(ae789ad601c1b51489889f8e89d55e4d) Importer(815301076,1909f56bfc062723c751e8b465ee728b)  -> (artifact id: 'b4e56cef45ed1c99b6baa1891621384e') in 0.027745 seconds
  Import took 0.033985 seconds .

========================================================================
Received Import Request.
  Time since last request: 0.000186 seconds.
  path: Assets/_Course Library/_Prefabs/Objects/Electronics/Gaming_Controller.prefab
  artifactKey: Guid(d402ff832ccc1404c8a7261215a1a706) Importer(815301076,1909f56bfc062723c751e8b465ee728b)
Start importing Assets/_Course Library/_Prefabs/Objects/Electronics/Gaming_Controller.prefab using Guid(d402ff832ccc1404c8a7261215a1a706) Importer(815301076,1909f56bfc062723c751e8b465ee728b)  -> (artifact id: '8f8698c3d622f099c9e619e3c1a76e3a') in 0.058258 seconds
  Import took 0.063357 seconds .

========================================================================
Received Import Request.
  Time since last request: 0.000178 seconds.
  path: Assets/_Course Library/_Prefabs/Objects/Electronics/Phone_Blue.prefab
  artifactKey: Guid(f91e2960a3aa55e469f93bf615efa036) Importer(815301076,1909f56bfc062723c751e8b465ee728b)
Start importing Assets/_Course Library/_Prefabs/Objects/Electronics/Phone_Blue.prefab using Guid(f91e2960a3aa55e469f93bf615efa036) Importer(815301076,1909f56bfc062723c751e8b465ee728b)  -> (artifact id: '58fb35ced72e11a8134b33a3a8d89d96') in 0.028904 seconds
  Import took 0.034133 seconds .

========================================================================
Received Import Request.
  Time since last request: 0.000303 seconds.
  path: Assets/_Course Library/_Prefabs/Objects/Electronics/Tablet_Black.prefab
  artifactKey: Guid(3aa652a464bc0a443929c5bccea434f4) Importer(815301076,1909f56bfc062723c751e8b465ee728b)
Start importing Assets/_Course Library/_Prefabs/Objects/Electronics/Tablet_Black.prefab using Guid(3aa652a464bc0a443929c5bccea434f4) Importer(815301076,1909f56bfc062723c751e8b465ee728b)  -> (artifact id: 'edfc3410cf96eafe46e2a43e1357d460') in 0.047928 seconds
  Import took 0.053251 seconds .

========================================================================
Received Import Request.
  Time since last request: 0.000188 seconds.
  path: Assets/_Course Library/_Prefabs/Objects/Electronics/Tablet_Purple.prefab
  artifactKey: Guid(4be497e6e26d5f545ae737c2136c7418) Importer(815301076,1909f56bfc062723c751e8b465ee728b)
Start importing Assets/_Course Library/_Prefabs/Objects/Electronics/Tablet_Purple.prefab using Guid(4be497e6e26d5f545ae737c2136c7418) Importer(815301076,1909f56bfc062723c751e8b465ee728b)  -> (artifact id: '4d4637022ed51a4fb30ca6861fd890c2') in 0.045653 seconds
  Import took 0.051912 seconds .

========================================================================
Received Import Request.
  Time since last request: 0.000396 seconds.
  path: Assets/_Course Library/_Prefabs/Objects/Electronics/Phone_Black.prefab
  artifactKey: Guid(a10f9b5efa3afd144bd0ffbb1f149e92) Importer(815301076,1909f56bfc062723c751e8b465ee728b)
Start importing Assets/_Course Library/_Prefabs/Objects/Electronics/Phone_Black.prefab using Guid(a10f9b5efa3afd144bd0ffbb1f149e92) Importer(815301076,1909f56bfc062723c751e8b465ee728b)  -> (artifact id: '429829f7f30a179cf5d74c524dd36e9d') in 0.020501 seconds
  Import took 0.027798 seconds .

========================================================================
Received Import Request.
  Time since last request: 0.000400 seconds.
  path: Assets/_Course Library/_Prefabs/Objects/Electronics/Phone_White.prefab
  artifactKey: Guid(259faca514815e44ca78b3f03cad51ab) Importer(815301076,1909f56bfc062723c751e8b465ee728b)
Start importing Assets/_Course Library/_Prefabs/Objects/Electronics/Phone_White.prefab using Guid(259faca514815e44ca78b3f03cad51ab) Importer(815301076,1909f56bfc062723c751e8b465ee728b)  -> (artifact id: 'edb569ac99266a61347e9d1aad8a4d98') in 0.048788 seconds
  Import took 0.055866 seconds .

========================================================================
Received Import Request.
  Time since last request: 0.000198 seconds.
  path: Assets/_Course Library/_Prefabs/Objects/Electronics/Clock_Analog_Red.prefab
  artifactKey: Guid(ed9d61a9f6613044996e81235826dd03) Importer(815301076,1909f56bfc062723c751e8b465ee728b)
Start importing Assets/_Course Library/_Prefabs/Objects/Electronics/Clock_Analog_Red.prefab using Guid(ed9d61a9f6613044996e81235826dd03) Importer(815301076,1909f56bfc062723c751e8b465ee728b)  -> (artifact id: '61e2b1dff484167cf1a7a565ba9346de') in 0.043990 seconds
  Import took 0.051542 seconds .

========================================================================
Received Import Request.
  Time since last request: 0.000202 seconds.
  path: Assets/_Course Library/_Prefabs/Objects/Electronics/Clock_Analog_Black.prefab
  artifactKey: Guid(278cd79b6d0575544a70c9035c7a440e) Importer(815301076,1909f56bfc062723c751e8b465ee728b)
Start importing Assets/_Course Library/_Prefabs/Objects/Electronics/Clock_Analog_Black.prefab using Guid(278cd79b6d0575544a70c9035c7a440e) Importer(815301076,1909f56bfc062723c751e8b465ee728b)  -> (artifact id: 'd8a8e016347b031ee631c1e0e74d8c2b') in 0.067453 seconds
  Import took 0.072805 seconds .

========================================================================
Received Import Request.
  Time since last request: 0.000192 seconds.
  path: Assets/_Course Library/_Prefabs/Objects/Electronics/Clock_Digital.prefab
  artifactKey: Guid(97b24df0c5223427784dd09efe9b76df) Importer(815301076,1909f56bfc062723c751e8b465ee728b)
Start importing Assets/_Course Library/_Prefabs/Objects/Electronics/Clock_Digital.prefab using Guid(97b24df0c5223427784dd09efe9b76df) Importer(815301076,1909f56bfc062723c751e8b465ee728b)  -> (artifact id: '31aa56762ed02366c1c6acdaad7bdb61') in 0.027914 seconds
  Import took 0.034354 seconds .

========================================================================
Received Import Request.
  Time since last request: 0.000455 seconds.
  path: Assets/_Course Library/_Prefabs/Objects/Electronics/Tablet_White.prefab
  artifactKey: Guid(c38a24daa20a8604f94580629bfdbd9b) Importer(815301076,1909f56bfc062723c751e8b465ee728b)
Start importing Assets/_Course Library/_Prefabs/Objects/Electronics/Tablet_White.prefab using Guid(c38a24daa20a8604f94580629bfdbd9b) Importer(815301076,1909f56bfc062723c751e8b465ee728b)  -> (artifact id: '4f07e03cfc5995d7f28ac66e62015a0c') in 0.044074 seconds
  Import took 0.050181 seconds .

========================================================================
Received Import Request.
  Time since last request: 0.000313 seconds.
  path: Assets/_Course Library/_Prefabs/Objects/Electronics/Gaming_Console.prefab
  artifactKey: Guid(0f1dd0ba4b8377140b6dcfbb7e623ac9) Importer(815301076,1909f56bfc062723c751e8b465ee728b)
Start importing Assets/_Course Library/_Prefabs/Objects/Electronics/Gaming_Console.prefab using Guid(0f1dd0ba4b8377140b6dcfbb7e623ac9) Importer(815301076,1909f56bfc062723c751e8b465ee728b)  -> (artifact id: 'd94786866589722a3cb2dc7b4e0b3565') in 0.044233 seconds
  Import took 0.049696 seconds .

========================================================================
Received Import Request.
  Time since last request: 0.000249 seconds.
  path: Assets/_Course Library/_Prefabs/Objects/Electronics/Remote.prefab
  artifactKey: Guid(ea01289ad12c363458e3a12b1e6afdf2) Importer(815301076,1909f56bfc062723c751e8b465ee728b)
Start importing Assets/_Course Library/_Prefabs/Objects/Electronics/Remote.prefab using Guid(ea01289ad12c363458e3a12b1e6afdf2) Importer(815301076,1909f56bfc062723c751e8b465ee728b)  -> (artifact id: 'f4483a214256a50ee19a1c3964b9498d') in 0.035541 seconds
  Import took 0.041514 seconds .

========================================================================
Received Import Request.
  Time since last request: 0.000240 seconds.
  path: Assets/_Course Library/_Prefabs/Objects/Electronics/Camera_Photograph.prefab
  artifactKey: Guid(3dabf4d9563cdc0468cf785661c2ff17) Importer(815301076,1909f56bfc062723c751e8b465ee728b)
Start importing Assets/_Course Library/_Prefabs/Objects/Electronics/Camera_Photograph.prefab using Guid(3dabf4d9563cdc0468cf785661c2ff17) Importer(815301076,1909f56bfc062723c751e8b465ee728b)  -> (artifact id: '78d2953e674edcc45dc1a37a9d7bc26e') in 0.040908 seconds
  Import took 0.045983 seconds .

========================================================================
Received Import Request.
  Time since last request: 1762.546659 seconds.
  path: Assets/_Course Library/_Prefabs/VR
  artifactKey: Guid(bf714010cdfb44373868ddb2da4e8958) Importer(815301076,1909f56bfc062723c751e8b465ee728b)
Start importing Assets/_Course Library/_Prefabs/VR using Guid(bf714010cdfb44373868ddb2da4e8958) Importer(815301076,1909f56bfc062723c751e8b465ee728b)  -> (artifact id: '7892e77c58ed6a59c7ecc7d6dffec1bb') in 0.004224 seconds
  Import took 0.010475 seconds .

========================================================================
Received Import Request.
  Time since last request: 1.936395 seconds.
  path: Assets/_Course Library/_Prefabs/VR/Reticles
  artifactKey: Guid(b63d8278b903a4f8899cdf845ca17612) Importer(815301076,1909f56bfc062723c751e8b465ee728b)
Start importing Assets/_Course Library/_Prefabs/VR/Reticles using Guid(b63d8278b903a4f8899cdf845ca17612) Importer(815301076,1909f56bfc062723c751e8b465ee728b)  -> (artifact id: '5f35062615ab262c0a9f191116db1105') in 0.007160 seconds
  Import took 0.014519 seconds .

========================================================================
Received Import Request.
  Time since last request: 0.089268 seconds.
  path: Assets/_Course Library/_Prefabs/VR/Reticles/VR_Reticle_Circular.prefab
  artifactKey: Guid(50f8d835961353c4a8e0c4b77d7f8876) Importer(815301076,1909f56bfc062723c751e8b465ee728b)
Start importing Assets/_Course Library/_Prefabs/VR/Reticles/VR_Reticle_Circular.prefab using Guid(50f8d835961353c4a8e0c4b77d7f8876) Importer(815301076,1909f56bfc062723c751e8b465ee728b)  -> (artifact id: 'c7d6fefec092e6b8875163a1239d0904') in 0.026694 seconds
  Import took 0.032186 seconds .

========================================================================
Received Import Request.
  Time since last request: 0.000183 seconds.
  path: Assets/_Course Library/_Prefabs/VR/Reticles/VR_Reticle_Square.prefab
  artifactKey: Guid(493691fe396bc5c40900e8a234c5c60e) Importer(815301076,1909f56bfc062723c751e8b465ee728b)
Start importing Assets/_Course Library/_Prefabs/VR/Reticles/VR_Reticle_Square.prefab using Guid(493691fe396bc5c40900e8a234c5c60e) Importer(815301076,1909f56bfc062723c751e8b465ee728b)  -> (artifact id: '2b3a9e571bf0b20412ed18ae2f67a7d3') in 0.066641 seconds
  Import took 0.071681 seconds .

========================================================================
Received Import Request.
  Time since last request: 129.672119 seconds.
  path: Assets/_Course Library/_Prefabs/VR/Hands
  artifactKey: Guid(5b8d3e10fc7b94d9ea7ec07dfb11ac18) Importer(815301076,1909f56bfc062723c751e8b465ee728b)
Start importing Assets/_Course Library/_Prefabs/VR/Hands using Guid(5b8d3e10fc7b94d9ea7ec07dfb11ac18) Importer(815301076,1909f56bfc062723c751e8b465ee728b)  -> (artifact id: '1d6807ee7df79472cd05901ad3195e79') in 0.003841 seconds
  Import took 0.013301 seconds .

========================================================================
Received Import Request.
  Time since last request: 0.064650 seconds.
  path: Assets/_Course Library/_Prefabs/VR/Hands/VR_Hand_Blue_Left.prefab
  artifactKey: Guid(eb91affb984e740dbb2082626ba96efb) Importer(815301076,1909f56bfc062723c751e8b465ee728b)
Start importing Assets/_Course Library/_Prefabs/VR/Hands/VR_Hand_Blue_Left.prefab using Guid(eb91affb984e740dbb2082626ba96efb) Importer(815301076,1909f56bfc062723c751e8b465ee728b)  -> (artifact id: '40d83f445e42331c11331c8c84c4b3dd') in 0.024033 seconds
  Import took 0.029684 seconds .

========================================================================
Received Import Request.
  Time since last request: 0.000247 seconds.
  path: Assets/_Course Library/_Prefabs/VR/Hands/VR_Hand_Gray_Left.prefab
  artifactKey: Guid(8c5aedbedb31848488e8007c3432c990) Importer(815301076,1909f56bfc062723c751e8b465ee728b)
Start importing Assets/_Course Library/_Prefabs/VR/Hands/VR_Hand_Gray_Left.prefab using Guid(8c5aedbedb31848488e8007c3432c990) Importer(815301076,1909f56bfc062723c751e8b465ee728b)  -> (artifact id: 'd42938bb06e16e8977685828beeb9bdc') in 0.034273 seconds
  Import took 0.040153 seconds .

========================================================================
Received Import Request.
  Time since last request: 0.000217 seconds.
  path: Assets/_Course Library/_Prefabs/VR/Hands/VR_Hand_Yellow_Left.prefab
  artifactKey: Guid(8ed7c4661c5c246c3b215268ec9f5cc5) Importer(815301076,1909f56bfc062723c751e8b465ee728b)
Start importing Assets/_Course Library/_Prefabs/VR/Hands/VR_Hand_Yellow_Left.prefab using Guid(8ed7c4661c5c246c3b215268ec9f5cc5) Importer(815301076,1909f56bfc062723c751e8b465ee728b)  -> (artifact id: '1be2e5e6f8eb617ba1cb1646cbe63e6a') in 0.046530 seconds
  Import took 0.052085 seconds .

========================================================================
Received Import Request.
  Time since last request: 0.000214 seconds.
  path: Assets/_Course Library/_Prefabs/VR/Hands/VR_Hand_Colorful_Right.prefab
  artifactKey: Guid(233d735817dff43da9b78129b58d66fb) Importer(815301076,1909f56bfc062723c751e8b465ee728b)
Start importing Assets/_Course Library/_Prefabs/VR/Hands/VR_Hand_Colorful_Right.prefab using Guid(233d735817dff43da9b78129b58d66fb) Importer(815301076,1909f56bfc062723c751e8b465ee728b)  -> (artifact id: '3aaeacdf43d9190ad1bd1957141795bd') in 0.042813 seconds
  Import took 0.050417 seconds .

========================================================================
Received Import Request.
  Time since last request: 0.000191 seconds.
  path: Assets/_Course Library/_Prefabs/VR/Hands/VR_Hand_Blue_Right.prefab
  artifactKey: Guid(a2e8ee2005c074447b929af42b7f5068) Importer(815301076,1909f56bfc062723c751e8b465ee728b)
Start importing Assets/_Course Library/_Prefabs/VR/Hands/VR_Hand_Blue_Right.prefab using Guid(a2e8ee2005c074447b929af42b7f5068) Importer(815301076,1909f56bfc062723c751e8b465ee728b)  -> (artifact id: '646eaa5c6a0a4691bfde6faa2bc73e43') in 0.024822 seconds
  Import took 0.029972 seconds .

========================================================================
Received Import Request.
  Time since last request: 0.000198 seconds.
  path: Assets/_Course Library/_Prefabs/VR/Hands/VR_Hand_Primitive.prefab
  artifactKey: Guid(66b7de02017114b29a1237e13b5d0f53) Importer(815301076,1909f56bfc062723c751e8b465ee728b)
Start importing Assets/_Course Library/_Prefabs/VR/Hands/VR_Hand_Primitive.prefab using Guid(66b7de02017114b29a1237e13b5d0f53) Importer(815301076,1909f56bfc062723c751e8b465ee728b)  -> (artifact id: 'e1ce3928e42335321b8f9bbb1ccfcfd2') in 0.074331 seconds
  Import took 0.079258 seconds .

========================================================================
Received Import Request.
  Time since last request: 0.000201 seconds.
  path: Assets/_Course Library/_Prefabs/VR/Hands/VR_Hand_Sphere.prefab
  artifactKey: Guid(94722d2f12fff44dc9f81e18afb2f945) Importer(815301076,1909f56bfc062723c751e8b465ee728b)
Start importing Assets/_Course Library/_Prefabs/VR/Hands/VR_Hand_Sphere.prefab using Guid(94722d2f12fff44dc9f81e18afb2f945) Importer(815301076,1909f56bfc062723c751e8b465ee728b)  -> (artifact id: '8b0f8a1e8e0f0442954354756be398ea') in 0.023738 seconds
  Import took 0.029851 seconds .

========================================================================
Received Import Request.
  Time since last request: 0.000253 seconds.
  path: Assets/_Course Library/_Prefabs/VR/Hands/VR_Hand_Gray_Right.prefab
  artifactKey: Guid(d1791b6c42f7b4091950a90dbf80c441) Importer(815301076,1909f56bfc062723c751e8b465ee728b)
Start importing Assets/_Course Library/_Prefabs/VR/Hands/VR_Hand_Gray_Right.prefab using Guid(d1791b6c42f7b4091950a90dbf80c441) Importer(815301076,1909f56bfc062723c751e8b465ee728b)  -> (artifact id: '863670c0046baa5bbede5b2c2953bd4c') in 0.025849 seconds
  Import took 0.037590 seconds .

========================================================================
Received Import Request.
  Time since last request: 0.022344 seconds.
  path: Assets/_Course Library/_Prefabs/VR/Hands/VR_Hand_Yellow_Right.prefab
  artifactKey: Guid(cd26f816dc3274e05bdcd4f2e79fe1ec) Importer(815301076,1909f56bfc062723c751e8b465ee728b)
Start importing Assets/_Course Library/_Prefabs/VR/Hands/VR_Hand_Yellow_Right.prefab using Guid(cd26f816dc3274e05bdcd4f2e79fe1ec) Importer(815301076,1909f56bfc062723c751e8b465ee728b)  -> (artifact id: '4073d511151a6af6e1ac7aa079ce3f2f') in 0.029651 seconds
  Import took 0.037783 seconds .

========================================================================
Received Import Request.
  Time since last request: 0.000394 seconds.
  path: Assets/_Course Library/_Prefabs/VR/Hands/VR_Hand_Colorful_Left.prefab
  artifactKey: Guid(820280a7a7d593e43a6a724a654c4ac9) Importer(815301076,1909f56bfc062723c751e8b465ee728b)
Start importing Assets/_Course Library/_Prefabs/VR/Hands/VR_Hand_Colorful_Left.prefab using Guid(820280a7a7d593e43a6a724a654c4ac9) Importer(815301076,1909f56bfc062723c751e8b465ee728b)  -> (artifact id: '1d93d265b517626d8f5cde5541de28c5') in 0.038495 seconds
  Import took 0.046321 seconds .

========================================================================
Received Import Request.
  Time since last request: 3297.343230 seconds.
  path: ProjectSettings/TagManager.asset
  artifactKey: Guid(00000000000000003000000000000000) Importer(815301076,1909f56bfc062723c751e8b465ee728b)
Start importing ProjectSettings/TagManager.asset using Guid(00000000000000003000000000000000) Importer(815301076,1909f56bfc062723c751e8b465ee728b)  -> (artifact id: '1a1b49f60c4cf1d56b74ffba718df71d') in 0.104847 seconds
  Import took 0.111479 seconds .

========================================================================
Received Import Request.
  Time since last request: 838.500798 seconds.
  path: Assets/_Course Library/Audio
  artifactKey: Guid(9d25e569fb6644e29b2167f7f0ca5349) Importer(815301076,1909f56bfc062723c751e8b465ee728b)
Start importing Assets/_Course Library/Audio using Guid(9d25e569fb6644e29b2167f7f0ca5349) Importer(815301076,1909f56bfc062723c751e8b465ee728b)  -> (artifact id: '2e9828d9ae2b8624fb464c7babe2dfb8') in 0.005968 seconds
  Import took 0.012238 seconds .

========================================================================
Received Import Request.
  Time since last request: 2.791207 seconds.
  path: Assets/_Course Library/Audio/FX
  artifactKey: Guid(0e0a5d2cd49114611844a8dce41da09b) Importer(815301076,1909f56bfc062723c751e8b465ee728b)
Start importing Assets/_Course Library/Audio/FX using Guid(0e0a5d2cd49114611844a8dce41da09b) Importer(815301076,1909f56bfc062723c751e8b465ee728b)  -> (artifact id: '3ab75b47bbe8c0961b2aec5465492e2b') in 0.004425 seconds
  Import took 0.012361 seconds .

========================================================================
Received Import Request.
  Time since last request: 0.103352 seconds.
  path: Assets/_Course Library/Audio/FX/SFX_Bird_1.ogg
  artifactKey: Guid(ffcac3d6adf3c4a5a9fceb69ed040b5f) Importer(815301076,1909f56bfc062723c751e8b465ee728b)
Start importing Assets/_Course Library/Audio/FX/SFX_Bird_1.ogg using Guid(ffcac3d6adf3c4a5a9fceb69ed040b5f) Importer(815301076,1909f56bfc062723c751e8b465ee728b)  -> (artifact id: 'a8f694124496d071d148c6a6ba117f58') in 0.416460 seconds
  Import took 0.422405 seconds .

========================================================================
Received Import Request.
  Time since last request: 0.000191 seconds.
  path: Assets/_Course Library/Audio/FX/SFX_UI_Click_4.ogg
  artifactKey: Guid(d306fcf87f5874a5888091cab90ba4a5) Importer(815301076,1909f56bfc062723c751e8b465ee728b)
Start importing Assets/_Course Library/Audio/FX/SFX_UI_Click_4.ogg using Guid(d306fcf87f5874a5888091cab90ba4a5) Importer(815301076,1909f56bfc062723c751e8b465ee728b)  -> (artifact id: 'a01e7fc8e47c8a84a612386228d1fb5a') in 0.027459 seconds
  Import took 0.033919 seconds .

========================================================================
Received Import Request.
  Time since last request: 0.000187 seconds.
  path: Assets/_Course Library/Audio/FX/SFX_Bird_3.ogg
  artifactKey: Guid(28e0735174c1c4ed683675c57b4d07a2) Importer(815301076,1909f56bfc062723c751e8b465ee728b)
Start importing Assets/_Course Library/Audio/FX/SFX_Bird_3.ogg using Guid(28e0735174c1c4ed683675c57b4d07a2) Importer(815301076,1909f56bfc062723c751e8b465ee728b)  -> (artifact id: '390b6e82d5a161b04f89e9fa02cbe54b') in 0.035500 seconds
  Import took 0.041189 seconds .

========================================================================
Received Import Request.
  Time since last request: 0.000183 seconds.
  path: Assets/_Course Library/Audio/FX/SFX_UI_Quick_4.ogg
  artifactKey: Guid(fbe0600515f4f482a9bb51aab560e9f7) Importer(815301076,1909f56bfc062723c751e8b465ee728b)
Start importing Assets/_Course Library/Audio/FX/SFX_UI_Quick_4.ogg using Guid(fbe0600515f4f482a9bb51aab560e9f7) Importer(815301076,1909f56bfc062723c751e8b465ee728b)  -> (artifact id: '85af15c2cd538747b717ae868ea0f100') in 0.042511 seconds
  Import took 0.048479 seconds .

========================================================================
Received Import Request.
  Time since last request: 0.000201 seconds.
  path: Assets/_Course Library/Audio/FX/SFX_Impact_Concrete.ogg
  artifactKey: Guid(d727703712b36426db75d0e99085a350) Importer(815301076,1909f56bfc062723c751e8b465ee728b)
Start importing Assets/_Course Library/Audio/FX/SFX_Impact_Concrete.ogg using Guid(d727703712b36426db75d0e99085a350) Importer(815301076,1909f56bfc062723c751e8b465ee728b)  -> (artifact id: '6909432b905fb6f83e270fe35e2cf5bc') in 0.034960 seconds
  Import took 0.040943 seconds .

========================================================================
Received Import Request.
  Time since last request: 0.000184 seconds.
  path: Assets/_Course Library/Audio/FX/SFX_UI_Quick_3.ogg
  artifactKey: Guid(113942fcb94a14f7386264fc45956b13) Importer(815301076,1909f56bfc062723c751e8b465ee728b)
Start importing Assets/_Course Library/Audio/FX/SFX_UI_Quick_3.ogg using Guid(113942fcb94a14f7386264fc45956b13) Importer(815301076,1909f56bfc062723c751e8b465ee728b)  -> (artifact id: '953af3c36062781169b3836343b9cc5f') in 0.041429 seconds
  Import took 0.046724 seconds .

========================================================================
Received Import Request.
  Time since last request: 0.000194 seconds.
  path: Assets/_Course Library/Audio/FX/SFX_UI_Button_2.ogg
  artifactKey: Guid(02e01164404134d2c9265aa08b65ba96) Importer(815301076,1909f56bfc062723c751e8b465ee728b)
Start importing Assets/_Course Library/Audio/FX/SFX_UI_Button_2.ogg using Guid(02e01164404134d2c9265aa08b65ba96) Importer(815301076,1909f56bfc062723c751e8b465ee728b)  -> (artifact id: 'f310cead9f4b4c26ccb91d6be507422e') in 0.016831 seconds
  Import took 0.022523 seconds .

========================================================================
Received Import Request.
  Time since last request: 0.000187 seconds.
  path: Assets/_Course Library/Audio/FX/SFX_Machine_Shoot_1.ogg
  artifactKey: Guid(be8221a34ec964baca77aa1158dd9a81) Importer(815301076,1909f56bfc062723c751e8b465ee728b)
Start importing Assets/_Course Library/Audio/FX/SFX_Machine_Shoot_1.ogg using Guid(be8221a34ec964baca77aa1158dd9a81) Importer(815301076,1909f56bfc062723c751e8b465ee728b)  -> (artifact id: 'e0983393350b2fd8581eb7a916202582') in 0.053116 seconds
  Import took 0.059261 seconds .

========================================================================
Received Import Request.
  Time since last request: 0.000199 seconds.
  path: Assets/_Course Library/Audio/FX/SFX_UI_SciFi_Back.ogg
  artifactKey: Guid(3a8730ed83cf54ec3af36761459c24e8) Importer(815301076,1909f56bfc062723c751e8b465ee728b)
Start importing Assets/_Course Library/Audio/FX/SFX_UI_SciFi_Back.ogg using Guid(3a8730ed83cf54ec3af36761459c24e8) Importer(815301076,1909f56bfc062723c751e8b465ee728b)  -> (artifact id: '7b16852f6eaa92a8318d51f8f0809a2f') in 0.039549 seconds
  Import took 0.046611 seconds .

========================================================================
Received Import Request.
  Time since last request: 0.000274 seconds.
  path: Assets/_Course Library/Audio/FX/SFX_Liquid_Splash.ogg
  artifactKey: Guid(7bb57394759014e20b218cf8f8040440) Importer(815301076,1909f56bfc062723c751e8b465ee728b)
Start importing Assets/_Course Library/Audio/FX/SFX_Liquid_Splash.ogg using Guid(7bb57394759014e20b218cf8f8040440) Importer(815301076,1909f56bfc062723c751e8b465ee728b)  -> (artifact id: '398f7e0efb902813c23457fc4b67fa00') in 0.017739 seconds
  Import took 0.025139 seconds .

========================================================================
Received Import Request.
  Time since last request: 0.000191 seconds.
  path: Assets/_Course Library/Audio/FX/SFX_Loop_Fire.ogg
  artifactKey: Guid(ef77e9bee03ff4bb5a41dbb472fc6e09) Importer(815301076,1909f56bfc062723c751e8b465ee728b)
Start importing Assets/_Course Library/Audio/FX/SFX_Loop_Fire.ogg using Guid(ef77e9bee03ff4bb5a41dbb472fc6e09) Importer(815301076,1909f56bfc062723c751e8b465ee728b)  -> (artifact id: '57b963e8d1cb7617fd7b784b3e8a5117') in 0.060168 seconds
  Import took 0.068024 seconds .

========================================================================
Received Import Request.
  Time since last request: 0.000396 seconds.
  path: Assets/_Course Library/Audio/FX/SFX_Impact_Metal.ogg
  artifactKey: Guid(fdb8a3585af1e45918bc4babd167b4eb) Importer(815301076,1909f56bfc062723c751e8b465ee728b)
Start importing Assets/_Course Library/Audio/FX/SFX_Impact_Metal.ogg using Guid(fdb8a3585af1e45918bc4babd167b4eb) Importer(815301076,1909f56bfc062723c751e8b465ee728b)  -> (artifact id: '65a533552363544bd95cf3ce8c2c39b4') in 0.043986 seconds
  Import took 0.054081 seconds .

========================================================================
Received Import Request.
  Time since last request: 0.000254 seconds.
  path: Assets/_Course Library/Audio/FX/SFX_Polaroid_Print.ogg
  artifactKey: Guid(c8da34f5308f447e8a07706592954d21) Importer(815301076,1909f56bfc062723c751e8b465ee728b)
Start importing Assets/_Course Library/Audio/FX/SFX_Polaroid_Print.ogg using Guid(c8da34f5308f447e8a07706592954d21) Importer(815301076,1909f56bfc062723c751e8b465ee728b)  -> (artifact id: 'a9c7ec1b2683cd9d5d23f3f54614f84f') in 0.044350 seconds
  Import took 0.051574 seconds .

========================================================================
Received Import Request.
  Time since last request: 0.000276 seconds.
  path: Assets/_Course Library/Audio/FX/SFX_Impact_Heavy.ogg
  artifactKey: Guid(47d525776691f4a039da24d17caa644c) Importer(815301076,1909f56bfc062723c751e8b465ee728b)
Start importing Assets/_Course Library/Audio/FX/SFX_Impact_Heavy.ogg using Guid(47d525776691f4a039da24d17caa644c) Importer(815301076,1909f56bfc062723c751e8b465ee728b)  -> (artifact id: 'ed016973dcf5a33836f752f03c155f00') in 0.024700 seconds
  Import took 0.032663 seconds .

========================================================================
Received Import Request.
  Time since last request: 0.000260 seconds.
  path: Assets/_Course Library/Audio/FX/SFX_UI_Game_Positive.ogg
  artifactKey: Guid(a6e6cb127e7044a3eaa8772d8a314706) Importer(815301076,1909f56bfc062723c751e8b465ee728b)
Start importing Assets/_Course Library/Audio/FX/SFX_UI_Game_Positive.ogg using Guid(a6e6cb127e7044a3eaa8772d8a314706) Importer(815301076,1909f56bfc062723c751e8b465ee728b)  -> (artifact id: '0c00f99562ce6e474114a8ac2512cf57') in 0.030956 seconds
  Import took 0.040051 seconds .

========================================================================
Received Import Request.
  Time since last request: 0.000277 seconds.
  path: Assets/_Course Library/Audio/FX/SFX_Loop_Wind.ogg
  artifactKey: Guid(ac26011162cb54a1e8e5281a89bd5282) Importer(815301076,1909f56bfc062723c751e8b465ee728b)
Start importing Assets/_Course Library/Audio/FX/SFX_Loop_Wind.ogg using Guid(ac26011162cb54a1e8e5281a89bd5282) Importer(815301076,1909f56bfc062723c751e8b465ee728b)  -> (artifact id: '110cc8c092758ee0463b5b2fe5e764c9') in 0.044713 seconds
  Import took 0.050431 seconds .

========================================================================
Received Import Request.
  Time since last request: 0.000215 seconds.
  path: Assets/_Course Library/Audio/FX/SFX_Impact_Glass.ogg
  artifactKey: Guid(1b706adc9022a41ab90c83849d16c760) Importer(815301076,1909f56bfc062723c751e8b465ee728b)
Start importing Assets/_Course Library/Audio/FX/SFX_Impact_Glass.ogg using Guid(1b706adc9022a41ab90c83849d16c760) Importer(815301076,1909f56bfc062723c751e8b465ee728b)  -> (artifact id: 'b84af1dbd72217310522c0eae2554c01') in 0.029145 seconds
  Import took 0.034024 seconds .

========================================================================
Received Import Request.
  Time since last request: 0.000205 seconds.
  path: Assets/_Course Library/Audio/FX/SFX_UI_Click_5.ogg
  artifactKey: Guid(f0dff4da8e4204fe9b98afb911292ef2) Importer(815301076,1909f56bfc062723c751e8b465ee728b)
Start importing Assets/_Course Library/Audio/FX/SFX_UI_Click_5.ogg using Guid(f0dff4da8e4204fe9b98afb911292ef2) Importer(815301076,1909f56bfc062723c751e8b465ee728b)  -> (artifact id: '3474b56d952c544c1d327e2196b7350f') in 0.014788 seconds
  Import took 0.020274 seconds .

========================================================================
Received Import Request.
  Time since last request: 0.000282 seconds.
  path: Assets/_Course Library/Audio/FX/SFX_UI_Click_1.ogg
  artifactKey: Guid(8436c8cf5779f4fbda9ea5a4acee8d73) Importer(815301076,1909f56bfc062723c751e8b465ee728b)
Start importing Assets/_Course Library/Audio/FX/SFX_UI_Click_1.ogg using Guid(8436c8cf5779f4fbda9ea5a4acee8d73) Importer(815301076,1909f56bfc062723c751e8b465ee728b)  -> (artifact id: 'ac8d45e0816a891e6ef5fa51c667e9ca') in 0.032510 seconds
  Import took 0.038764 seconds .

========================================================================
Received Import Request.
  Time since last request: 0.000239 seconds.
  path: Assets/_Course Library/Audio/FX/SFX_Machine_Powerup.ogg
  artifactKey: Guid(4f5cb06e8f78048c7aeff58324ede3b2) Importer(815301076,1909f56bfc062723c751e8b465ee728b)
Start importing Assets/_Course Library/Audio/FX/SFX_Machine_Powerup.ogg using Guid(4f5cb06e8f78048c7aeff58324ede3b2) Importer(815301076,1909f56bfc062723c751e8b465ee728b)  -> (artifact id: 'af9f1e14a936fe795264730a49c6b5b0') in 0.041694 seconds
  Import took 0.048823 seconds .

========================================================================
Received Import Request.
  Time since last request: 0.000369 seconds.
  path: Assets/_Course Library/Audio/FX/SFX_Machine_Shoot_4.ogg
  artifactKey: Guid(9b1ecbe797fdd40e0bfc0900b6ad0400) Importer(815301076,1909f56bfc062723c751e8b465ee728b)
Start importing Assets/_Course Library/Audio/FX/SFX_Machine_Shoot_4.ogg using Guid(9b1ecbe797fdd40e0bfc0900b6ad0400) Importer(815301076,1909f56bfc062723c751e8b465ee728b)  -> (artifact id: '45c2acd9328d271b089f753660de44f8') in 0.021999 seconds
  Import took 0.029920 seconds .

========================================================================
Received Import Request.
  Time since last request: 0.000201 seconds.
  path: Assets/_Course Library/Audio/FX/SFX_Loop_Machine.ogg
  artifactKey: Guid(f3d02eed8de884b8f8e2df103802faf5) Importer(815301076,1909f56bfc062723c751e8b465ee728b)
Start importing Assets/_Course Library/Audio/FX/SFX_Loop_Machine.ogg using Guid(f3d02eed8de884b8f8e2df103802faf5) Importer(815301076,1909f56bfc062723c751e8b465ee728b)  -> (artifact id: '4084f637c4e5dc7cbcff2c034aed2a1c') in 0.064727 seconds
  Import took 0.071635 seconds .

========================================================================
Received Import Request.
  Time since last request: 0.000323 seconds.
  path: Assets/_Course Library/Audio/FX/SFX_Impact_Plastic.ogg
  artifactKey: Guid(de71552a2aee34906aaf9ec2749b888f) Importer(815301076,1909f56bfc062723c751e8b465ee728b)
Start importing Assets/_Course Library/Audio/FX/SFX_Impact_Plastic.ogg using Guid(de71552a2aee34906aaf9ec2749b888f) Importer(815301076,1909f56bfc062723c751e8b465ee728b)  -> (artifact id: '696366d9a5c659ee8fae62bfa4e1d0d9') in 0.044755 seconds
  Import took 0.051976 seconds .

========================================================================
Received Import Request.
  Time since last request: 0.000199 seconds.
  path: Assets/_Course Library/Audio/FX/SFX_UI_Button_1.ogg
  artifactKey: Guid(3c7b3ef689cc94af0bd824489050effd) Importer(815301076,1909f56bfc062723c751e8b465ee728b)
Start importing Assets/_Course Library/Audio/FX/SFX_UI_Button_1.ogg using Guid(3c7b3ef689cc94af0bd824489050effd) Importer(815301076,1909f56bfc062723c751e8b465ee728b)  -> (artifact id: 'a022365e4648cc112ca6a69984ca8826') in 0.015481 seconds
  Import took 0.020642 seconds .

========================================================================
Received Import Request.
  Time since last request: 0.000205 seconds.
  path: Assets/_Course Library/Audio/FX/SFX_UI_SciFi_Forward.ogg
  artifactKey: Guid(8514acdb166b1499a9ee49941ff691f0) Importer(815301076,1909f56bfc062723c751e8b465ee728b)
Start importing Assets/_Course Library/Audio/FX/SFX_UI_SciFi_Forward.ogg using Guid(8514acdb166b1499a9ee49941ff691f0) Importer(815301076,1909f56bfc062723c751e8b465ee728b)  -> (artifact id: '82513308a57011a90102478ed598a964') in 0.037367 seconds
  Import took 0.044666 seconds .

========================================================================
Received Import Request.
  Time since last request: 0.000281 seconds.
  path: Assets/_Course Library/Audio/FX/SFX_Machine_Shoot_3.ogg
  artifactKey: Guid(b8ba7dd0f8e2f45fdb360cb8df91de01) Importer(815301076,1909f56bfc062723c751e8b465ee728b)
Start importing Assets/_Course Library/Audio/FX/SFX_Machine_Shoot_3.ogg using Guid(b8ba7dd0f8e2f45fdb360cb8df91de01) Importer(815301076,1909f56bfc062723c751e8b465ee728b)  -> (artifact id: 'cc826047d01609cea3800ef1da1ddaa0') in 0.041435 seconds
  Import took 0.047532 seconds .

========================================================================
Received Import Request.
  Time since last request: 0.000200 seconds.
  path: Assets/_Course Library/Audio/FX/SFX_Loop_Liquid_Pour.ogg
  artifactKey: Guid(2750d8f1e9746416a82993326371d29f) Importer(815301076,1909f56bfc062723c751e8b465ee728b)
Start importing Assets/_Course Library/Audio/FX/SFX_Loop_Liquid_Pour.ogg using Guid(2750d8f1e9746416a82993326371d29f) Importer(815301076,1909f56bfc062723c751e8b465ee728b)  -> (artifact id: '0d1986ccad378d1b8f1d732ce5135353') in 0.016646 seconds
  Import took 0.021800 seconds .

========================================================================
Received Import Request.
  Time since last request: 0.000230 seconds.
  path: Assets/_Course Library/Audio/FX/SFX_UI_Quick_2.ogg
  artifactKey: Guid(eb6747799fac14af58d8c4fc5410fc1e) Importer(815301076,1909f56bfc062723c751e8b465ee728b)
Start importing Assets/_Course Library/Audio/FX/SFX_UI_Quick_2.ogg using Guid(eb6747799fac14af58d8c4fc5410fc1e) Importer(815301076,1909f56bfc062723c751e8b465ee728b)  -> (artifact id: '8535a21935e20d0584f1ba01f2ab359e') in 0.057061 seconds
  Import took 0.062683 seconds .

========================================================================
Received Import Request.
  Time since last request: 0.000197 seconds.
  path: Assets/_Course Library/Audio/FX/SFX_UI_Click_3.ogg
  artifactKey: Guid(0d9ba9deac23f4ff199b989fe352e768) Importer(815301076,1909f56bfc062723c751e8b465ee728b)
Start importing Assets/_Course Library/Audio/FX/SFX_UI_Click_3.ogg using Guid(0d9ba9deac23f4ff199b989fe352e768) Importer(815301076,1909f56bfc062723c751e8b465ee728b)  -> (artifact id: '0ab9f9e76e50ad8a934e24865b3c93ef') in 0.047659 seconds
  Import took 0.053177 seconds .

========================================================================
Received Import Request.
  Time since last request: 0.000224 seconds.
  path: Assets/_Course Library/Audio/FX/SFX_UI_Game_Negative.ogg
  artifactKey: Guid(a6d54794b4ce94de1b7b1587af379192) Importer(815301076,1909f56bfc062723c751e8b465ee728b)
Start importing Assets/_Course Library/Audio/FX/SFX_UI_Game_Negative.ogg using Guid(a6d54794b4ce94de1b7b1587af379192) Importer(815301076,1909f56bfc062723c751e8b465ee728b)  -> (artifact id: '277c7ac0f7caa23ff281199eec8a73a6') in 0.028932 seconds
  Import took 0.034435 seconds .

========================================================================
Received Import Request.
  Time since last request: 0.000310 seconds.
  path: Assets/_Course Library/Audio/FX/SFX_Impact_Log.ogg
  artifactKey: Guid(5fa2a1e03047f4f37a8f475c272636e7) Importer(815301076,1909f56bfc062723c751e8b465ee728b)
Start importing Assets/_Course Library/Audio/FX/SFX_Impact_Log.ogg using Guid(5fa2a1e03047f4f37a8f475c272636e7) Importer(815301076,1909f56bfc062723c751e8b465ee728b)  -> (artifact id: '90316b962c3e6b14862ccdb7b80c0e30') in 0.015430 seconds
  Import took 0.021652 seconds .

========================================================================
Received Import Request.
  Time since last request: 0.000239 seconds.
  path: Assets/_Course Library/Audio/FX/SFX_Loop_Buzz_2.ogg
  artifactKey: Guid(c0485129cacdd4a4c9822d92e2a9adc2) Importer(815301076,1909f56bfc062723c751e8b465ee728b)
Start importing Assets/_Course Library/Audio/FX/SFX_Loop_Buzz_2.ogg using Guid(c0485129cacdd4a4c9822d92e2a9adc2) Importer(815301076,1909f56bfc062723c751e8b465ee728b)  -> (artifact id: 'b6470355eede7b9c5dbc3a797d8a8c5d') in 0.046109 seconds
  Import took 0.051723 seconds .

========================================================================
Received Import Request.
  Time since last request: 0.000208 seconds.
  path: Assets/_Course Library/Audio/FX/SFX_Loop_Steam.ogg
  artifactKey: Guid(12466592d2edd47879e8a1276cb68d53) Importer(815301076,1909f56bfc062723c751e8b465ee728b)
Start importing Assets/_Course Library/Audio/FX/SFX_Loop_Steam.ogg using Guid(12466592d2edd47879e8a1276cb68d53) Importer(815301076,1909f56bfc062723c751e8b465ee728b)  -> (artifact id: 'da3c44b0cf9af0569448c2f109a0bdbe') in 0.055130 seconds
  Import took 0.059812 seconds .

========================================================================
Received Import Request.
  Time since last request: 0.000236 seconds.
  path: Assets/_Course Library/Audio/FX/SFX_Impact_Books.ogg
  artifactKey: Guid(fab5b2719139b410aab0fc2af968e4ff) Importer(815301076,1909f56bfc062723c751e8b465ee728b)
Start importing Assets/_Course Library/Audio/FX/SFX_Impact_Books.ogg using Guid(fab5b2719139b410aab0fc2af968e4ff) Importer(815301076,1909f56bfc062723c751e8b465ee728b)  -> (artifact id: '50240f51b744ea5c94e803b86324d724') in 0.016913 seconds
  Import took 0.021945 seconds .

========================================================================
Received Import Request.
  Time since last request: 0.000263 seconds.
  path: Assets/_Course Library/Audio/FX/SFX_Game_Success.ogg
  artifactKey: Guid(ffa67130b8bb74c7f8bc2b3ce9149daf) Importer(815301076,1909f56bfc062723c751e8b465ee728b)
Start importing Assets/_Course Library/Audio/FX/SFX_Game_Success.ogg using Guid(ffa67130b8bb74c7f8bc2b3ce9149daf) Importer(815301076,1909f56bfc062723c751e8b465ee728b)  -> (artifact id: '48c112df8e6697d1218f26d364df065c') in 0.032914 seconds
  Import took 0.038695 seconds .

========================================================================
Received Import Request.
  Time since last request: 0.000238 seconds.
  path: Assets/_Course Library/Audio/FX/SFX_Machine_Shoot_2.ogg
  artifactKey: Guid(5ba88ca933c5b4e579c5e971949a6295) Importer(815301076,1909f56bfc062723c751e8b465ee728b)
Start importing Assets/_Course Library/Audio/FX/SFX_Machine_Shoot_2.ogg using Guid(5ba88ca933c5b4e579c5e971949a6295) Importer(815301076,1909f56bfc062723c751e8b465ee728b)  -> (artifact id: '6faa3c3061768aeb61df36e5ccf28c55') in 0.031490 seconds
  Import took 0.037570 seconds .

========================================================================
Received Import Request.
  Time since last request: 0.000305 seconds.
  path: Assets/_Course Library/Audio/FX/SFX_Loop_Buzz_1.ogg
  artifactKey: Guid(088ba1df0d9c04f62b913b155a14cd10) Importer(815301076,1909f56bfc062723c751e8b465ee728b)
Start importing Assets/_Course Library/Audio/FX/SFX_Loop_Buzz_1.ogg using Guid(088ba1df0d9c04f62b913b155a14cd10) Importer(815301076,1909f56bfc062723c751e8b465ee728b)  -> (artifact id: '9b8b0327ce271a895fe5f62a36a67c84') in 0.035467 seconds
  Import took 0.040875 seconds .

========================================================================
Received Import Request.
  Time since last request: 0.000220 seconds.
  path: Assets/_Course Library/Audio/FX/SFX_UI_Click_2.ogg
  artifactKey: Guid(39eeabf0f489f4e46a024aa733bf1b4b) Importer(815301076,1909f56bfc062723c751e8b465ee728b)
Start importing Assets/_Course Library/Audio/FX/SFX_UI_Click_2.ogg using Guid(39eeabf0f489f4e46a024aa733bf1b4b) Importer(815301076,1909f56bfc062723c751e8b465ee728b)  -> (artifact id: 'eda8b984c349ff9ce50fe170afe0a083') in 0.030634 seconds
  Import took 0.035656 seconds .

========================================================================
Received Import Request.
  Time since last request: 0.000220 seconds.
  path: Assets/_Course Library/Audio/FX/SFX_Cork_Pop.ogg
  artifactKey: Guid(73fe6f8dbb7a64c96a1d52f467088b5d) Importer(815301076,1909f56bfc062723c751e8b465ee728b)
Start importing Assets/_Course Library/Audio/FX/SFX_Cork_Pop.ogg using Guid(73fe6f8dbb7a64c96a1d52f467088b5d) Importer(815301076,1909f56bfc062723c751e8b465ee728b)  -> (artifact id: '49e2bfe110bccd31927deccdb722493b') in 0.020847 seconds
  Import took 0.026183 seconds .

========================================================================
Received Import Request.
  Time since last request: 0.000217 seconds.
  path: Assets/_Course Library/Audio/FX/SFX_Machine_Stamp.ogg
  artifactKey: Guid(f3c16f48623484a42b8624861a87ca11) Importer(815301076,1909f56bfc062723c751e8b465ee728b)
Start importing Assets/_Course Library/Audio/FX/SFX_Machine_Stamp.ogg using Guid(f3c16f48623484a42b8624861a87ca11) Importer(815301076,1909f56bfc062723c751e8b465ee728b)  -> (artifact id: '93098fed0d67707e72568d4c069b9c93') in 0.031692 seconds
  Import took 0.036744 seconds .

========================================================================
Received Import Request.
  Time since last request: 0.000186 seconds.
  path: Assets/_Course Library/Audio/FX/SFX_UI_Quick_1.ogg
  artifactKey: Guid(cbca6f23424bd42c9a2cae00f5b644ea) Importer(815301076,1909f56bfc062723c751e8b465ee728b)
Start importing Assets/_Course Library/Audio/FX/SFX_UI_Quick_1.ogg using Guid(cbca6f23424bd42c9a2cae00f5b644ea) Importer(815301076,1909f56bfc062723c751e8b465ee728b)  -> (artifact id: 'eefa7ef99cd956e57c249fa49b2fec76') in 0.016872 seconds
  Import took 0.022290 seconds .

========================================================================
Received Import Request.
  Time since last request: 0.000282 seconds.
  path: Assets/_Course Library/Audio/FX/SFX_Loop_RadioTuning.ogg
  artifactKey: Guid(658a9d5e3f97b4f52b6bb3a615fd3b92) Importer(815301076,1909f56bfc062723c751e8b465ee728b)
Start importing Assets/_Course Library/Audio/FX/SFX_Loop_RadioTuning.ogg using Guid(658a9d5e3f97b4f52b6bb3a615fd3b92) Importer(815301076,1909f56bfc062723c751e8b465ee728b)  -> (artifact id: 'b0b82146a5412e8d7f31ad648c82aa28') in 0.050911 seconds
  Import took 0.057120 seconds .

========================================================================
Received Import Request.
  Time since last request: 0.000204 seconds.
  path: Assets/_Course Library/Audio/FX/SFX_Bird_2.ogg
  artifactKey: Guid(5852b85f5b6c7456db15d397337533a3) Importer(815301076,1909f56bfc062723c751e8b465ee728b)
Start importing Assets/_Course Library/Audio/FX/SFX_Bird_2.ogg using Guid(5852b85f5b6c7456db15d397337533a3) Importer(815301076,1909f56bfc062723c751e8b465ee728b)  -> (artifact id: '056a316a982ae90a6344280d3a0d0e91') in 0.055009 seconds
  Import took 0.060323 seconds .

========================================================================
Received Import Request.
  Time since last request: 0.000281 seconds.
  path: Assets/_Course Library/Audio/FX/SFX_Impact_Ball.ogg
  artifactKey: Guid(4469071d9ffe04738b4c4992bda32cf2) Importer(815301076,1909f56bfc062723c751e8b465ee728b)
Start importing Assets/_Course Library/Audio/FX/SFX_Impact_Ball.ogg using Guid(4469071d9ffe04738b4c4992bda32cf2) Importer(815301076,1909f56bfc062723c751e8b465ee728b)  -> (artifact id: '8db3e63e19027265520b55a9b86df34e') in 0.038124 seconds
  Import took 0.044012 seconds .

========================================================================
Received Import Request.
  Time since last request: 188.080414 seconds.
  path: Assets/_Course Library/Materials/Particle Materials/PartilcleMaterial_Fire.mat
  artifactKey: Guid(04dc29ccdba6849658c5b0a7c1c541f6) Importer(815301076,1909f56bfc062723c751e8b465ee728b)
Start importing Assets/_Course Library/Materials/Particle Materials/PartilcleMaterial_Fire.mat using Guid(04dc29ccdba6849658c5b0a7c1c541f6) Importer(815301076,1909f56bfc062723c751e8b465ee728b)  -> (artifact id: 'ceba9cae4d523d89df3286d4126b8186') in 0.132594 seconds
  Import took 0.138203 seconds .

